SF:lib\core\data\storage.dart
DA:18,0
DA:19,0
DA:23,0
DA:24,0
DA:28,0
DA:29,0
DA:33,0
DA:34,0
DA:38,0
DA:39,0
DA:43,0
DA:44,0
DA:48,0
DA:49,0
DA:53,0
DA:54,0
LF:16
LH:0
end_of_record
SF:lib\core\router\router.dart
DA:49,0
DA:53,0
DA:56,0
DA:62,0
DA:68,0
DA:77,0
DA:82,0
DA:88,0
DA:95,0
DA:99,0
DA:102,0
DA:108,0
DA:113,0
DA:116,0
DA:120,0
DA:123,0
DA:128,0
DA:133,0
DA:136,0
DA:140,0
DA:143,0
DA:148,0
DA:153,0
DA:159,0
DA:165,0
DA:169,0
DA:170,0
DA:181,0
DA:185,0
DA:186,0
LF:30
LH:0
end_of_record
SF:lib\features\home\exceptions\home_enable_dark_mode_exception.dart
DA:3,2
DA:5,2
LF:2
LH:2
end_of_record
SF:lib\features\home\home_controller.dart
DA:10,0
DA:11,0
DA:14,3
DA:15,3
DA:18,3
DA:19,3
DA:22,3
DA:23,3
DA:29,2
DA:33,2
DA:36,0
DA:37,0
DA:38,0
DA:39,0
DA:40,0
DA:43,1
DA:44,4
DA:47,1
DA:48,4
DA:51,0
DA:52,0
DA:53,0
DA:55,0
DA:56,0
DA:58,0
DA:59,0
DA:62,0
DA:67,1
DA:68,3
DA:71,1
DA:72,4
DA:73,1
DA:74,1
DA:79,1
DA:80,3
DA:81,1
LF:36
LH:21
end_of_record
SF:lib\features\home\home_enable_dark_mode_use_case.dart
DA:11,2
DA:15,0
DA:20,0
DA:23,0
DA:26,0
DA:27,0
DA:30,0
DA:31,0
DA:32,0
DA:33,0
DA:34,0
DA:35,0
LF:12
LH:1
end_of_record
SF:lib\features\home\home_parameters.dart
DA:4,1
LF:1
LH:1
end_of_record
SF:lib\features\post\data\post_parameters.dart
DA:6,1
DA:10,0
LF:2
LH:1
end_of_record
SF:lib\core\abstractions\base_controller.dart
DA:5,3
DA:8,9
DA:13,3
DA:14,0
LF:4
LH:3
end_of_record
SF:lib\core\abstractions\base_page.dart
DA:5,18
LF:1
LH:1
end_of_record
SF:lib\core\data\api.dart
DA:4,1
DA:6,1
DA:7,1
LF:3
LH:3
end_of_record
SF:lib\core\data\database.dart
DA:6,0
DA:7,0
DA:8,0
DA:10,0
DA:14,0
DA:17,0
DA:21,0
DA:23,0
DA:25,0
DA:27,0
DA:29,0
DA:31,0
DA:33,0
DA:36,0
DA:38,0
DA:40,0
DA:42,0
DA:44,0
DA:46,0
DA:48,0
DA:52,0
DA:56,0
DA:57,0
LF:23
LH:0
end_of_record
SF:lib\core\router\pages.dart
DA:13,0
DA:14,0
DA:16,0
DA:17,0
DA:19,0
DA:21,0
DA:22,0
DA:24,0
DA:26,0
DA:27,0
DA:29,0
DA:31,0
DA:32,0
LF:13
LH:0
end_of_record
SF:lib\features\home\home_binding.dart
DA:8,1
DA:10,2
DA:11,2
DA:12,1
DA:13,2
DA:14,1
DA:15,2
LF:7
LH:7
end_of_record
SF:lib\features\home\home_page.dart
DA:14,9
DA:16,0
DA:18,0
DA:20,0
DA:21,0
DA:23,0
DA:28,0
DA:29,0
DA:30,0
DA:31,0
DA:32,0
DA:33,0
DA:36,0
DA:37,0
DA:39,0
DA:40,0
DA:41,0
DA:42,0
DA:43,0
DA:45,0
DA:46,0
DA:47,0
DA:48,0
DA:54,0
DA:55,0
DA:56,0
DA:57,0
DA:58,0
DA:59,0
DA:61,0
DA:63,0
DA:65,0
DA:70,0
DA:71,0
DA:73,0
DA:74,0
DA:75,0
LF:37
LH:1
end_of_record
SF:lib\features\login\login_binding.dart
DA:11,1
DA:13,2
DA:14,2
DA:15,1
DA:16,1
DA:17,1
DA:18,1
DA:20,2
DA:22,1
DA:23,2
LF:10
LH:10
end_of_record
SF:lib\features\login\login_page.dart
DA:10,0
DA:14,0
DA:16,0
DA:18,0
DA:19,0
DA:20,0
DA:22,0
DA:23,0
DA:25,0
DA:26,0
DA:27,0
DA:28,0
DA:30,0
DA:31,0
DA:32,0
DA:33,0
DA:34,0
DA:37,0
DA:38,0
DA:40,0
DA:41,0
DA:42,0
DA:43,0
DA:49,0
DA:50,0
DA:52,0
DA:53,0
DA:54,0
DA:55,0
DA:61,0
DA:62,0
DA:63,0
DA:72,0
DA:74,0
DA:75,0
DA:76,0
DA:77,0
DA:78,0
DA:79,0
DA:80,0
DA:81,0
DA:82,0
DA:85,0
DA:90,0
DA:91,0
DA:92,0
DA:93,0
DA:94,0
DA:95,0
LF:49
LH:0
end_of_record
SF:lib\features\post\post_binding.dart
DA:12,1
DA:14,2
DA:15,2
DA:16,1
DA:17,2
DA:18,1
DA:19,1
DA:20,1
DA:23,1
DA:24,1
DA:25,1
DA:28,1
DA:29,1
DA:30,1
LF:14
LH:14
end_of_record
SF:lib\features\post\post_page.dart
DA:10,0
DA:12,0
DA:16,0
DA:18,0
DA:20,0
DA:22,0
DA:24,0
DA:25,0
DA:27,0
DA:29,0
DA:30,0
DA:31,0
DA:32,0
DA:34,0
DA:35,0
DA:36,0
DA:40,0
DA:41,0
DA:42,0
DA:43,0
DA:44,0
DA:50,0
DA:51,0
DA:52,0
DA:53,0
DA:54,0
DA:62,0
DA:64,0
DA:65,0
DA:66,0
DA:67,0
DA:68,0
DA:69,0
DA:70,0
DA:71,0
DA:73,0
DA:74,0
DA:76,0
DA:82,0
DA:83,0
DA:84,0
DA:85,0
DA:86,0
DA:87,0
DA:88,0
DA:89,0
DA:90,0
DA:93,0
DA:94,0
DA:95,0
LF:50
LH:0
end_of_record
SF:lib\features\signup\signup_binding.dart
DA:9,1
DA:11,2
DA:12,2
DA:13,1
DA:14,1
DA:15,1
DA:16,1
LF:7
LH:7
end_of_record
SF:lib\features\signup\signup_page.dart
DA:10,0
DA:14,0
DA:16,0
DA:18,0
DA:20,0
DA:22,0
DA:23,0
DA:25,0
DA:27,0
DA:28,0
DA:29,0
DA:30,0
DA:32,0
DA:33,0
DA:34,0
DA:35,0
DA:36,0
DA:37,0
DA:38,0
DA:39,0
DA:45,0
DA:46,0
DA:47,0
DA:48,0
DA:49,0
DA:50,0
DA:53,0
DA:54,0
DA:60,0
DA:61,0
DA:63,0
DA:64,0
DA:65,0
DA:66,0
DA:69,0
DA:71,0
DA:78,0
DA:79,0
DA:81,0
DA:82,0
DA:83,0
DA:84,0
DA:87,0
DA:88,0
DA:94,0
DA:95,0
DA:96,0
DA:105,0
DA:107,0
DA:108,0
DA:109,0
DA:110,0
DA:111,0
DA:112,0
DA:113,0
DA:114,0
DA:115,0
DA:118,0
LF:58
LH:0
end_of_record
SF:lib\core\shared\widgets\custom_button.dart
DA:9,0
DA:14,0
DA:15,0
DA:18,0
DA:23,0
DA:24,0
DA:27,0
DA:29,0
DA:30,0
DA:31,0
DA:32,0
DA:34,0
DA:35,0
DA:37,0
DA:38,0
DA:39,0
LF:16
LH:0
end_of_record
SF:lib\core\shared\widgets\custom_text_form_field.dart
DA:15,0
DA:27,0
DA:29,0
DA:31,0
DA:32,0
DA:33,0
DA:34,0
DA:35,0
DA:36,0
DA:37,0
DA:39,0
DA:40,0
DA:41,0
DA:43,0
LF:14
LH:0
end_of_record
SF:lib\core\theme\app_theme.dart
DA:3,0
LF:1
LH:0
end_of_record
SF:lib\core\utils\custom_date_utils.dart
DA:4,0
DA:7,0
LF:2
LH:0
end_of_record
SF:lib\features\feed\data\feed_entity.dart
DA:9,1
LF:1
LH:1
end_of_record
SF:lib\features\feed\feed_binding.dart
DA:10,1
DA:12,2
DA:13,2
DA:14,1
DA:15,1
DA:16,1
DA:17,1
DA:20,2
LF:8
LH:8
end_of_record
SF:lib\features\feed\feed_controller.dart
DA:13,0
DA:14,2
DA:20,2
DA:24,2
DA:27,0
DA:28,0
DA:29,0
DA:30,0
DA:33,1
DA:34,4
DA:37,0
DA:40,0
DA:41,0
DA:42,0
DA:43,0
DA:44,0
DA:45,0
DA:46,0
DA:47,0
DA:48,0
DA:52,0
DA:55,1
DA:56,1
DA:57,4
DA:58,1
DA:59,1
DA:60,3
DA:62,1
DA:63,1
DA:64,2
DA:65,2
DA:66,1
DA:67,1
DA:68,2
DA:69,1
DA:70,1
DA:71,1
DA:72,1
DA:73,1
DA:74,1
DA:77,1
LF:41
LH:25
end_of_record
SF:lib\features\post\post_find_all_use_case.dart
DA:9,1
DA:13,0
DA:14,0
LF:3
LH:1
end_of_record
SF:lib\features\post\post_repository.dart
DA:31,2
DA:36,0
DA:40,0
DA:42,0
DA:43,0
DA:44,0
DA:45,0
DA:49,0
DA:50,0
DA:51,0
DA:52,0
DA:53,0
DA:57,0
DA:62,0
DA:65,0
DA:67,0
DA:69,0
DA:73,0
DA:74,0
DA:75,0
DA:76,0
DA:77,0
DA:81,0
DA:86,0
DA:88,0
DA:92,0
DA:93,0
DA:95,0
DA:96,0
DA:97,0
DA:98,0
DA:99,0
DA:100,0
DA:101,0
DA:102,0
DA:104,0
DA:106,0
DA:109,0
DA:112,0
DA:113,0
DA:114,0
DA:115,0
DA:119,0
DA:124,0
DA:128,0
DA:130,0
DA:131,0
DA:135,0
DA:136,0
DA:138,0
DA:139,0
DA:140,0
DA:141,0
DA:142,0
DA:143,0
DA:144,0
DA:145,0
DA:147,0
DA:149,0
DA:152,0
DA:155,0
DA:156,0
DA:157,0
DA:158,0
DA:162,0
DA:167,0
DA:171,0
DA:173,0
DA:174,0
DA:175,0
DA:179,0
DA:180,0
DA:181,0
DA:182,0
DA:183,0
DA:187,0
LF:76
LH:1
end_of_record
SF:lib\features\post\data\post_entity.dart
DA:9,1
LF:1
LH:1
end_of_record
SF:lib\features\feed\feed_page.dart
DA:8,9
DA:10,0
DA:12,0
DA:14,0
DA:15,0
DA:16,0
DA:17,0
DA:21,0
DA:23,0
DA:24,0
DA:25,0
DA:27,0
DA:28,0
DA:31,0
LF:14
LH:1
end_of_record
SF:lib\features\feed\widget\feed_item.dart
DA:11,0
DA:16,0
DA:18,0
DA:20,0
DA:21,0
DA:22,0
DA:23,0
DA:24,0
DA:26,0
DA:27,0
DA:28,0
DA:30,0
DA:31,0
DA:32,0
DA:33,0
DA:34,0
DA:39,0
DA:40,0
DA:48,0
DA:49,0
DA:59,0
DA:60,0
DA:65,0
DA:67,0
DA:68,0
DA:69,0
LF:26
LH:0
end_of_record
SF:lib\features\home\widgets\drawer_menu.dart
DA:10,0
DA:16,0
DA:18,0
DA:20,0
DA:21,0
DA:23,0
DA:24,0
DA:26,0
DA:32,0
DA:33,0
DA:35,0
DA:36,0
DA:40,0
DA:41,0
DA:42,0
DA:43,0
LF:16
LH:0
end_of_record
SF:lib\features\news\news_binding.dart
DA:8,1
DA:10,2
DA:11,2
DA:12,1
DA:13,1
DA:14,1
DA:15,2
LF:7
LH:7
end_of_record
SF:lib\features\news\news_page.dart
DA:9,9
DA:11,0
DA:13,0
DA:14,0
DA:15,0
DA:17,0
DA:18,0
DA:22,0
DA:24,0
DA:25,0
DA:26,0
DA:27,0
DA:29,0
LF:13
LH:1
end_of_record
SF:lib\features\login\data\login_entity.dart
DA:5,1
LF:1
LH:1
end_of_record
SF:lib\features\login\data\login_request.dart
DA:5,0
DA:10,0
DA:11,0
DA:12,0
LF:4
LH:0
end_of_record
SF:lib\features\login\data\login_response.dart
DA:7,1
LF:1
LH:1
end_of_record
SF:lib\features\login\exceptions\login_execute_exception.dart
DA:3,1
DA:5,1
LF:2
LH:2
end_of_record
SF:lib\features\login\login_controller.dart
DA:15,3
DA:16,3
DA:22,2
DA:26,2
DA:28,2
DA:30,4
DA:31,4
DA:32,2
DA:35,0
DA:37,0
DA:38,0
DA:39,0
DA:43,0
DA:44,0
DA:45,0
DA:48,1
DA:49,4
DA:50,4
DA:51,1
DA:52,1
DA:53,1
DA:58,1
DA:59,3
DA:60,1
DA:61,3
DA:62,3
DA:65,1
DA:66,3
DA:67,1
DA:69,1
DA:70,1
DA:71,3
DA:73,1
DA:74,1
DA:82,1
DA:83,3
LF:36
LH:29
end_of_record
SF:lib\features\login\login_execute_use_case.dart
DA:13,1
DA:18,0
DA:21,0
DA:22,0
DA:23,0
DA:24,0
DA:28,0
DA:29,0
DA:30,0
DA:31,0
DA:32,0
DA:33,0
LF:12
LH:1
end_of_record
SF:lib\features\login\login_repository.dart
DA:17,1
DA:22,0
DA:26,0
DA:28,0
DA:29,0
DA:30,0
DA:34,0
DA:36,0
DA:37,0
DA:38,0
DA:42,0
DA:43,0
DA:44,0
DA:45,0
DA:50,0
DA:51,0
DA:53,0
DA:54,0
DA:55,0
DA:56,0
DA:60,0
DA:61,0
DA:62,0
DA:63,0
DA:67,0
LF:25
LH:1
end_of_record
SF:lib\features\news\data\news_entity.dart
DA:5,0
DA:15,0
DA:25,0
LF:3
LH:0
end_of_record
SF:lib\features\news\data\news_response.dart
DA:4,0
DA:8,0
DA:9,0
DA:10,0
DA:11,0
DA:12,0
DA:22,0
DA:27,0
DA:28,0
DA:29,0
DA:30,0
DA:38,0
DA:43,0
DA:44,0
DA:45,0
DA:53,0
DA:58,0
DA:59,0
DA:60,0
LF:19
LH:0
end_of_record
SF:lib\features\news\exceptions\news_exception.dart
DA:3,0
DA:5,0
LF:2
LH:0
end_of_record
SF:lib\features\news\news_controller.dart
DA:11,0
DA:12,0
DA:16,1
DA:19,1
DA:22,0
DA:23,0
DA:24,0
DA:27,0
DA:28,0
DA:29,0
DA:30,0
DA:31,0
DA:32,0
DA:33,0
DA:36,0
DA:37,0
DA:38,0
DA:39,0
LF:18
LH:2
end_of_record
SF:lib\features\news\news_find_all_use_case.dart
DA:12,1
DA:16,0
DA:19,0
DA:21,0
DA:22,0
DA:23,0
DA:24,0
DA:25,0
DA:26,0
DA:27,0
DA:28,0
DA:30,0
DA:31,0
DA:32,0
DA:36,0
DA:37,0
DA:40,0
DA:41,0
DA:42,0
LF:19
LH:1
end_of_record
SF:lib\features\news\news_repository.dart
DA:17,1
DA:22,0
DA:26,0
DA:28,0
DA:29,0
DA:30,0
DA:34,0
DA:35,0
DA:36,0
DA:39,0
DA:40,0
DA:41,0
DA:42,0
LF:13
LH:1
end_of_record
SF:lib\features\news\widgets\news_item.dart
DA:8,0
DA:11,0
DA:13,0
DA:15,0
DA:16,0
DA:17,0
DA:19,0
DA:20,0
DA:21,0
DA:22,0
DA:23,0
DA:25,0
DA:26,0
DA:27,0
DA:28,0
LF:15
LH:0
end_of_record
SF:lib\features\post\data\post_create_request.dart
DA:5,0
LF:1
LH:0
end_of_record
SF:lib\features\post\data\post_request.dart
DA:4,0
LF:1
LH:0
end_of_record
SF:lib\features\post\data\post_response.dart
DA:6,1
LF:1
LH:1
end_of_record
SF:lib\features\post\data\post_update_request.dart
DA:6,0
DA:10,0
LF:2
LH:0
end_of_record
SF:lib\features\post\exceptions\post_exception.dart
DA:3,0
DA:5,0
LF:2
LH:0
end_of_record
SF:lib\features\post\post_controller.dart
DA:22,1
DA:28,1
DA:30,1
DA:32,2
DA:33,1
DA:35,1
DA:39,0
DA:40,0
DA:41,0
DA:44,0
DA:46,0
DA:47,0
DA:50,0
DA:51,0
DA:52,0
DA:53,0
DA:54,0
DA:57,0
DA:58,0
DA:59,0
DA:60,0
DA:61,0
DA:66,0
DA:67,0
DA:68,0
DA:69,0
DA:70,0
DA:71,0
DA:74,0
DA:75,0
DA:76,0
DA:77,0
DA:78,0
DA:83,0
DA:84,0
DA:85,0
DA:87,0
DA:88,0
DA:89,0
DA:90,0
DA:91,0
LF:41
LH:6
end_of_record
SF:lib\features\post\post_create_use_case.dart
DA:9,1
DA:13,0
DA:16,0
LF:3
LH:1
end_of_record
SF:lib\features\post\post_delete_use_case.dart
DA:8,1
DA:12,0
DA:15,0
LF:3
LH:1
end_of_record
SF:lib\features\post\post_update_use_case.dart
DA:9,1
DA:13,0
DA:16,0
LF:3
LH:1
end_of_record
SF:lib\features\signup\data\signup_entity.dart
DA:6,0
LF:1
LH:0
end_of_record
SF:lib\features\signup\data\signup_request.dart
DA:6,0
DA:12,0
DA:13,0
DA:14,0
DA:15,0
LF:5
LH:0
end_of_record
SF:lib\features\signup\data\signup_response.dart
DA:4,0
DA:8,0
DA:9,0
DA:10,0
LF:4
LH:0
end_of_record
SF:lib\features\signup\exceptions\signup_exception.dart
DA:3,0
DA:5,0
LF:2
LH:0
end_of_record
SF:lib\features\signup\exceptions\signup_execute_exception.dart
DA:3,0
DA:5,0
LF:2
LH:0
end_of_record
SF:lib\features\signup\signup_controller.dart
DA:16,1
DA:19,1
DA:21,1
DA:23,2
DA:24,2
DA:25,2
DA:26,2
DA:27,1
DA:30,0
DA:32,0
DA:33,0
DA:34,0
DA:35,0
DA:36,0
DA:39,0
DA:40,0
DA:41,0
DA:42,0
DA:43,0
DA:44,0
DA:47,0
DA:48,0
DA:49,0
DA:51,0
DA:52,0
DA:53,0
DA:54,0
LF:27
LH:8
end_of_record
SF:lib\features\signup\signup_execute_use_case.dart
DA:12,1
DA:16,0
DA:19,0
DA:21,0
DA:22,0
DA:23,0
DA:24,0
DA:29,0
DA:31,0
DA:32,0
DA:33,0
DA:34,0
DA:39,0
DA:40,0
DA:41,0
DA:42,0
DA:43,0
LF:17
LH:1
end_of_record
SF:lib\features\signup\signup_repository.dart
DA:23,1
DA:28,0
DA:32,0
DA:34,0
DA:35,0
DA:36,0
DA:37,0
DA:41,0
DA:42,0
DA:43,0
DA:46,0
DA:47,0
DA:48,0
DA:49,0
DA:53,0
DA:58,0
DA:63,0
DA:65,0
DA:68,0
DA:69,0
DA:74,0
DA:77,0
DA:78,0
DA:79,0
DA:80,0
DA:84,0
DA:89,0
DA:93,0
DA:95,0
DA:98,0
DA:99,0
DA:104,0
DA:107,0
DA:108,0
DA:109,0
DA:110,0
DA:114,0
LF:37
LH:1
end_of_record
